<?xml version="1.0" encoding="UTF-8"?>
<!-- Generated by org.testng.reporters.JUnitXMLReporter -->
<testsuite ignored="0" hostname="DESKTOP-7K882U9" failures="0" tests="4" name="Test" time="0.204" errors="0" timestamp="2021-09-18T10:39:56 EDT">
  <testcase classname="qaclickacademy.SeleniumTest" name="BrowserAutomation" time="0.02"/>
  <testcase classname="qaclickacademy.SeleniumTest" name="elementsUi" time="0.007"/>
  <testcase classname="qaclickacademy.RESTAPITest" name="deleteTwitter" time="0.003"/>
  <testcase classname="qaclickacademy.RESTAPITest" name="postJira" time="0.006"/>
</testsuite> <!-- Test -->
