<?xml version="1.0" encoding="UTF-8"?>
<testng-results ignored="0" total="4" passed="4" failed="0" skipped="0">
  <reporter-output>
  </reporter-output>
  <suite started-at="2021-09-18T10:39:56 EDT" name="Suite" finished-at="2021-09-18T10:39:56 EDT" duration-ms="204">
    <groups>
    </groups>
    <test started-at="2021-09-18T10:39:56 EDT" name="Test" finished-at="2021-09-18T10:39:56 EDT" duration-ms="204">
      <class name="qaclickacademy.RESTAPITest">
        <test-method signature="deleteTwitter()[pri:0, instance:qaclickacademy.RESTAPITest@e15b7e8]" started-at="2021-09-18T10:39:56 EDT" name="deleteTwitter" finished-at="2021-09-18T10:39:56 EDT" duration-ms="3" status="PASS">
          <reporter-output>
          </reporter-output>
        </test-method> <!-- deleteTwitter -->
        <test-method signature="postJira()[pri:0, instance:qaclickacademy.RESTAPITest@e15b7e8]" started-at="2021-09-18T10:39:56 EDT" name="postJira" finished-at="2021-09-18T10:39:56 EDT" duration-ms="6" status="PASS">
          <reporter-output>
          </reporter-output>
        </test-method> <!-- postJira -->
      </class> <!-- qaclickacademy.RESTAPITest -->
      <class name="qaclickacademy.SeleniumTest">
        <test-method signature="BrowserAutomation()[pri:0, instance:qaclickacademy.SeleniumTest@48f278eb]" started-at="2021-09-18T10:39:56 EDT" name="BrowserAutomation" finished-at="2021-09-18T10:39:56 EDT" duration-ms="20" status="PASS">
          <reporter-output>
          </reporter-output>
        </test-method> <!-- BrowserAutomation -->
        <test-method signature="elementsUi()[pri:0, instance:qaclickacademy.SeleniumTest@48f278eb]" started-at="2021-09-18T10:39:56 EDT" name="elementsUi" finished-at="2021-09-18T10:39:56 EDT" duration-ms="7" status="PASS">
          <reporter-output>
          </reporter-output>
        </test-method> <!-- elementsUi -->
      </class> <!-- qaclickacademy.SeleniumTest -->
    </test> <!-- Test -->
  </suite> <!-- Suite -->
</testng-results>
